<?xml version="1.0" encoding="UTF-8"?>
<!-- Generated by org.testng.reporters.JUnitXMLReporter -->
<testsuite ignored="0" hostname="FVFHXHU3Q6LR" failures="1" tests="13" name="Test" time="262.813" errors="0" timestamp="2024-09-04T16:39:42 IST">
  <testcase classname="com.sdet.testcases.SigninTC" name="signInTC" time="26.671"/>
  <testcase classname="com.sdet.testcases.AddProductTC" name="validateAddProductCart" time="45.221"/>
  <testcase classname="com.sdet.testcases.AddProductTC" name="validateSelectProductTees" time="12.363"/>
  <testcase classname="com.sdet.testcases.AddProductTC" name="validateGoToCart" time="14.472"/>
  <testcase classname="com.sdet.testcases.AddProductTC" name="validateCartReview" time="21.141">
    <failure type="org.openqa.selenium.TimeoutException" message="Expected condition failed: waiting for visibility of element located by By.xpath: //img[@alt=&amp;quot;Affirm Water Bottle &amp;quot;] (tried for 10 second(s) with 500 milliseconds interval)
Build info: version: &amp;apos;4.18.1&amp;apos;, revision: &amp;apos;b1d3319b48&amp;apos;
System info: os.name: &amp;apos;Mac OS X&amp;apos;, os.arch: &amp;apos;x86_64&amp;apos;, os.version: &amp;apos;12.6.7&amp;apos;, java.version: &amp;apos;17.0.10&amp;apos;
Driver info: org.openqa.selenium.chrome.ChromeDriver
Capabilities {acceptInsecureCerts: false, browserName: chrome, browserVersion: 128.0.6613.120, chrome: {chromedriverVersion: 128.0.6613.119 (6e439cfca4d..., userDataDir: /var/folders/rt/_sl_x_p95dd...}, fedcm:accounts: true, goog:chromeOptions: {debuggerAddress: localhost:57559}, networkConnectionEnabled: false, pageLoadStrategy: normal, platformName: mac, proxy: Proxy(), se:cdp: ws://localhost:57559/devtoo..., se:cdpVersion: 128.0.6613.120, setWindowRect: true, strictFileInteractability: false, timeouts: {implicit: 0, pageLoad: 300000, script: 30000}, unhandledPromptBehavior: dismiss and notify, webauthn:extension:credBlob: true, webauthn:extension:largeBlob: true, webauthn:extension:minPinLength: true, webauthn:extension:prf: true, webauthn:virtualAuthenticators: true}
Session ID: ed02ee9da7d83395054f0145a077fbfd">
      <![CDATA[org.openqa.selenium.TimeoutException: Expected condition failed: waiting for visibility of element located by By.xpath: //img[@alt="Affirm Water Bottle "] (tried for 10 second(s) with 500 milliseconds interval)
Build info: version: '4.18.1', revision: 'b1d3319b48'
System info: os.name: 'Mac OS X', os.arch: 'x86_64', os.version: '12.6.7', java.version: '17.0.10'
Driver info: org.openqa.selenium.chrome.ChromeDriver
Capabilities {acceptInsecureCerts: false, browserName: chrome, browserVersion: 128.0.6613.120, chrome: {chromedriverVersion: 128.0.6613.119 (6e439cfca4d..., userDataDir: /var/folders/rt/_sl_x_p95dd...}, fedcm:accounts: true, goog:chromeOptions: {debuggerAddress: localhost:57559}, networkConnectionEnabled: false, pageLoadStrategy: normal, platformName: mac, proxy: Proxy(), se:cdp: ws://localhost:57559/devtoo..., se:cdpVersion: 128.0.6613.120, setWindowRect: true, strictFileInteractability: false, timeouts: {implicit: 0, pageLoad: 300000, script: 30000}, unhandledPromptBehavior: dismiss and notify, webauthn:extension:credBlob: true, webauthn:extension:largeBlob: true, webauthn:extension:minPinLength: true, webauthn:extension:prf: true, webauthn:virtualAuthenticators: true}
Session ID: ed02ee9da7d83395054f0145a077fbfd
at org.openqa.selenium.support.ui.WebDriverWait.timeoutException(WebDriverWait.java:84)
at org.openqa.selenium.support.ui.FluentWait.until(FluentWait.java:228)
at com.sdet.pages.AddToCartPage.validateWaterBottleReview(AddToCartPage.java:104)
at com.sdet.testcases.AddProductTC.validateCartReview(AddProductTC.java:52)
at java.base/java.util.ArrayList.forEach(ArrayList.java:1511)
... Removed 27 stack frames]]>
    </failure>
  </testcase> <!-- validateCartReview -->
  <testcase classname="com.sdet.testcases.AddProductTC" name="validateProceedTOCheckout" time="45.982"/>
  <testcase classname="com.sdet.testcases.AddProductTC" name="validateShippingMehtod" time="3.287"/>
  <testcase classname="com.sdet.testcases.AddProductTC" name="validateAddAddress" time="2.053"/>
  <testcase classname="com.sdet.testcases.AddProductTC" name="validateApplyDiscount" time="20.236"/>
  <testcase classname="com.sdet.testcases.AddProductTC" name="validatePlaceOrder" time="24.88"/>
  <testcase classname="com.sdet.testcases.MyOrderTC" name="validateGoToMyAccount" time="5.297"/>
  <testcase classname="com.sdet.testcases.MyOrderTC" name="validateViewOrder" time="12.993"/>
  <testcase classname="com.sdet.testcases.SignOutTC" name="validateSignOut" time="6.82"/>
</testsuite> <!-- Test -->
